{"name":"testPageSectionsContainSectionList","status":"skipped","statusDetails":{"known":false,"muted":false,"flaky":false,"message":"Failed to create WebDriver of type com.it_academy.janna.framework.DriverManager","trace":"java.lang.IllegalArgumentException: Failed to create WebDriver of type com.it_academy.janna.framework.DriverManager\r\n\tat com.codeborne.selenide.webdriver.DefaultDriverFactory.createWebDriver(DefaultDriverFactory.java:86)\r\n\tat com.codeborne.selenide.webdriver.DefaultDriverFactory.createInstanceOf(DefaultDriverFactory.java:52)\r\n\tat com.codeborne.selenide.webdriver.DefaultDriverFactory.create(DefaultDriverFactory.java:30)\r\n\tat com.codeborne.selenide.webdriver.WebDriverFactory.createWebDriverInstance(WebDriverFactory.java:110)\r\n\tat com.codeborne.selenide.webdriver.WebDriverFactory.createWebDriver(WebDriverFactory.java:71)\r\n\tat com.codeborne.selenide.drivercommands.CreateDriverCommand.createDriver(CreateDriverCommand.java:68)\r\n\tat com.codeborne.selenide.impl.WebDriverThreadLocalContainer.createDriver(WebDriverThreadLocalContainer.java:153)\r\n\tat com.codeborne.selenide.impl.WebDriverThreadLocalContainer.getAndCheckWebDriver(WebDriverThreadLocalContainer.java:139)\r\n\tat com.codeborne.selenide.WebDriverRunner.getAndCheckWebDriver(WebDriverRunner.java:105)\r\n\tat com.codeborne.selenide.impl.StaticDriver.getAndCheckWebDriver(StaticDriver.java:65)\r\n\tat com.codeborne.selenide.SelenideDriver.getAndCheckWebDriver(SelenideDriver.java:191)\r\n\tat com.codeborne.selenide.logevents.SelenideLogger.run(SelenideLogger.java:139)\r\n\tat com.codeborne.selenide.drivercommands.Navigator.open(Navigator.java:85)\r\n\tat com.codeborne.selenide.SelenideDriver.open(SelenideDriver.java:82)\r\n\tat com.codeborne.selenide.Selenide.open(Selenide.java:122)\r\n\tat com.it_academy.janna.framework.AbstractBasePage.<init>(AbstractBasePage.java:12)\r\n\tat com.it_academy.janna.page_object.OnlinerHomePage.<init>(OnlinerHomePage.java:11)\r\n\tat com.it_academy.janna.navigator.OnlinerNavigation.navigateToOnlinerHomePage(OnlinerNavigation.java:13)\r\n\tat com.it_academy.janna.CatalogPageTest.navigateToOnlinerClickOnCatalogLink(CatalogPageTest.java:22)\r\n\tat java.base/jdk.internal.reflect.NativeMethodAccessorImpl.invoke0(Native Method)\r\n\tat java.base/jdk.internal.reflect.NativeMethodAccessorImpl.invoke(NativeMethodAccessorImpl.java:77)\r\n\tat java.base/jdk.internal.reflect.DelegatingMethodAccessorImpl.invoke(DelegatingMethodAccessorImpl.java:43)\r\n\tat java.base/java.lang.reflect.Method.invoke(Method.java:568)\r\n\tat org.testng.internal.MethodInvocationHelper.invokeMethod(MethodInvocationHelper.java:133)\r\n\tat org.testng.internal.MethodInvocationHelper.invokeMethodConsideringTimeout(MethodInvocationHelper.java:62)\r\n\tat org.testng.internal.ConfigInvoker.invokeConfigurationMethod(ConfigInvoker.java:385)\r\n\tat org.testng.internal.ConfigInvoker.invokeConfigurations(ConfigInvoker.java:321)\r\n\tat org.testng.internal.TestMethodWorker.invokeBeforeClassMethods(TestMethodWorker.java:176)\r\n\tat org.testng.internal.TestMethodWorker.run(TestMethodWorker.java:122)\r\n\tat java.base/java.util.ArrayList.forEach(ArrayList.java:1511)\r\n\tat org.testng.TestRunner.privateRun(TestRunner.java:794)\r\n\tat org.testng.TestRunner.run(TestRunner.java:596)\r\n\tat org.testng.SuiteRunner.runTest(SuiteRunner.java:377)\r\n\tat org.testng.SuiteRunner.runSequentially(SuiteRunner.java:371)\r\n\tat org.testng.SuiteRunner.privateRun(SuiteRunner.java:332)\r\n\tat org.testng.SuiteRunner.run(SuiteRunner.java:276)\r\n\tat org.testng.SuiteRunnerWorker.runSuite(SuiteRunnerWorker.java:53)\r\n\tat org.testng.SuiteRunnerWorker.run(SuiteRunnerWorker.java:96)\r\n\tat org.testng.TestNG.runSuitesSequentially(TestNG.java:1212)\r\n\tat org.testng.TestNG.runSuitesLocally(TestNG.java:1134)\r\n\tat org.testng.TestNG.runSuites(TestNG.java:1063)\r\n\tat org.testng.TestNG.run(TestNG.java:1031)\r\n\tat com.intellij.rt.testng.IDEARemoteTestNG.run(IDEARemoteTestNG.java:66)\r\n\tat com.intellij.rt.testng.RemoteTestNGStarter.main(RemoteTestNGStarter.java:109)\r\nCaused by: java.lang.NoSuchMethodException: com.it_academy.janna.framework.DriverManager.<init>(org.openqa.selenium.Capabilities)\r\n\tat java.base/java.lang.Class.getConstructor0(Class.java:3585)\r\n\tat java.base/java.lang.Class.getConstructor(Class.java:2271)\r\n\tat com.codeborne.selenide.webdriver.DefaultDriverFactory.createWebDriver(DefaultDriverFactory.java:82)\r\n\t... 43 more\r\n"},"stage":"finished","steps":[],"attachments":[],"parameters":[],"start":1667377764666,"stop":1667377764666,"uuid":"7375ccbe-e972-4347-b717-82e3ba2a1cfe","historyId":"e13bc0c15375bfdc5e740e0e29e165c4","fullName":"com.it_academy.janna.CatalogPageTest.testPageSectionsContainSectionList","labels":[{"name":"package","value":"com.it_academy.janna.CatalogPageTest"},{"name":"testClass","value":"com.it_academy.janna.CatalogPageTest"},{"name":"testMethod","value":"testPageSectionsContainSectionList"},{"name":"parentSuite","value":"Default Suite"},{"name":"suite","value":"SelenideProjectOnliner"},{"name":"subSuite","value":"com.it_academy.janna.CatalogPageTest"},{"name":"host","value":"DESKTOP-P5BPJ6A"},{"name":"thread","value":"11996@DESKTOP-P5BPJ6A.main(1)"},{"name":"framework","value":"testng"},{"name":"language","value":"java"}],"links":[]}